|SourceProjectName:OS1SStp.hpr
|DestinationProjectName:index.htm
index_hha.hhk
index.hhc
index.hhk
html\about.htm
html\sstp\sstp0001f.htm
html\sstp\sstp0001f_001.htm
html\sstp\sstp0001f_002.htm
html\sstp\sstp0001f_003.htm
html\sstp\sstp0001f_004.htm
html\sstp\sstp0001f_005.htm
html\sstp\sstp0001f_006.htm
html\sstp\sstp0001f_007.htm
html\sstp\sstp0001f_008.htm
html\sstp\sstp0001f_009.htm
html\sstp\sstp0001f_010.htm
html\sstp\sstp0001f_011.htm
html\sstp\sstp0001f_012.htm
html\sstp\sstp0002f.htm
html\sstp\sstpesecuzione.htm
html\sstp\sstpModSql.htm
html\sstp\sstprun.htm
html\sstp\sstprun_tipo.htm
ehlpdhtm.js
template\Azure_Blue\usersettings.js
index.glo
OS1_Help.css
template\Azure_Blue\layout-rtl.css
template\Azure_Blue\layout.css
template\Azure_Blue\previous.png
template\Azure_Blue\filter_mark.png
template\Azure_Blue\idx_topic.png
template\Azure_Blue\preview\user-settings.png
html\sstp\images\SStp0001f_001_005.png
html\sstp\images\SStp0001f_001_004.png
html\sstp\images\SStp0001f_001_003.png
html\sstp\images\SStp0001f_001_002.png
html\sstp\images\SStp0001f_001_001.png
html\sstp\images\b_word.png
template\Azure_Blue\slider_ltr.png
template\Azure_Blue\loading.gif
template\Azure_Blue\preview\sidebar-mobile.png
template\Azure_Blue\preview\sidebar-tablet.png
template\Azure_Blue\preview\sidebar-desktop.png
template\Azure_Blue\preview\layout-media-queries.png
html\sstp\images\SStp0001f_009_Edit.png
template\Azure_Blue\search_topic_desktop.png
template\Azure_Blue\toc_link_mobile_ltr.png
template\Azure_Blue\next.png
template\Azure_Blue\slider_rtl.png
template\Azure_Blue\glossary_desktop.png
template\Azure_Blue\toc_tab.png
template\Azure_Blue\index_mobile.png
template\Azure_Blue\preview\filter.png
html\images\OSItalia.png
template\Azure_Blue\toc_desktop.png
template\Azure_Blue\next_tab.png
template\Azure_Blue\filter_mark_radio.png
template\Azure_Blue\filter_nomark_radio.png
template\Azure_Blue\toc_book_open_mobile.png
template\Azure_Blue\andsearch_mark.png
html\sstp\images\SStp0001f_009_Label.png
html\sstp\images\b_mod.png
html\sstp\images\b_nuova.png
html\sstp\images\SStp0001f_Barra.png
template\Azure_Blue\search_mobile_navigation.png
template\Azure_Blue\filter_nomark.png
template\Azure_Blue\preview\search-mobile.png
template\Azure_Blue\index_tab.png
template\Azure_Blue\next_mobile_active.png
html\images\sfondo.gif
template\Azure_Blue\andsearch_nomark.png
template\Azure_Blue\back_mobile_filter.png
template\Azure_Blue\next_mobile.png
template\Azure_Blue\previous_mobile.png
html\sstp\images\b_cartel.png
template\Azure_Blue\logo.png
html\sstp\images\b_copia.png
template\Azure_Blue\toc_link_desktop_ltr.png
template\Azure_Blue\toc_link_desktop_rtl.png
template\Azure_Blue\preview\toc-mobile.png
html\sstp\images\b_repo.png
html\sstp\images\b_mask.png
template\Azure_Blue\filter_desktop_applied.png
template\Azure_Blue\previous_mobile_active.png
template\Azure_Blue\search_desktop.png
template\Azure_Blue\preview\functionbar-desktop.png
template\Azure_Blue\search_tab.png
template\Azure_Blue\search_mobile_active.png
template\Azure_Blue\glossary_mobile.png
template\Azure_Blue\toc_topic_desktop.png
template\Azure_Blue\preview\index.png
template\Azure_Blue\social_close_ltr.png
template\Azure_Blue\top.png
template\Azure_Blue\print_desktop.png
template\Azure_Blue\index_desktop.png
template\Azure_Blue\search_mobile.png
template\Azure_Blue\social_close_rtl.png
template\Azure_Blue\filter_clearall.png
template\Azure_Blue\preview\social.png
html\sstp\images\b_agg.png
template\Azure_Blue\remove.png
template\Azure_Blue\back_mobile_ltr.png
template\Azure_Blue\search_desktop_active.png
template\Azure_Blue\filter_tab_applied.png
template\Azure_Blue\back_mobile_rtl.png
template\Azure_Blue\filter_mobile.png
template\Azure_Blue\toc_book_open_desktop.png
template\Azure_Blue\toc_book_closed_desktop.png
html\sstp\images\Excel_Risultato.gif
html\sstp\images\SStp0001f_012.png
html\sstp\images\SStp0001f_011.png
html\sstp\images\SStp0001f_010.png
html\sstp\images\b_ante.png
template\Azure_Blue\search_desktop_navigation.png
template\Azure_Blue\previous_tab.png
template\Azure_Blue\toc_topic_mobile.png
template\Azure_Blue\preview\glossary.png
template\Azure_Blue\preview\search.png
template\Azure_Blue\preview\content.png
template\Azure_Blue\preview\header.png
sfondo.gif
html\sstp\images\SStp0001f_008.png
html\sstp\images\SStp0002f.png
html\sstp\images\SStp0001f_006.png
html\sstp\images\SStp0001f_007.png
html\sstp\images\SStp0001f_005.png
html\sstp\images\SStp0001f_004.png
html\sstp\images\SStp0001f_003.png
html\sstp\images\SStp0001f_002.png
html\sstp\images\SStp0001f_Menu.png
html\sstp\images\SStp0001f.png
template\Azure_Blue\next_active.png
template\Azure_Blue\previous_active.png
template\Azure_Blue\filter_desktop.png
template\Azure_Blue\toc_mobile.png
template\Azure_Blue\filter_mobile_applied.png
template\Azure_Blue\social_open.png
template\Azure_Blue\toc_book_closed_mobile.png
template\Azure_Blue\preview\toc-desktop.png
html\sstp\images\Excel_Modello.gif
html\sstp\images\SStpRun_Tipo.png
html\sstp\images\b_run.png
template\Azure_Blue\slider_open_ltr.png
template\Azure_Blue\slider_open_rtl.png
template\Azure_Blue\glossary_tab.png
template\Azure_Blue\toc_link_mobile_rtl.png
html\sstp\images\sstpModSql.png
html\sstp\images\b_stamp.png
html\sstp\images\b_excel.png
template\Azure_Blue\filter_tab.png
template\Azure_Blue\next_tab_active.png
template\Azure_Blue\previous_tab_active.png
template\Azure_Blue\menu.png
template\Azure_Blue\toc_book_open_drildown.png
template\Azure_Blue\preview\filter-mobile.png
template\Azure_Blue\preview\functionbar-mobile.png
template\Azure_Blue\preview\functionbar-tablet.png
RoboHHRE.lng
SearchOptions.xml
index.ppf
whxdata\toc2.js
whxdata\toc2.new.js
whxdata\toc3.js
whxdata\toc3.new.js
whxdata\toc4.js
whxdata\toc4.new.js
whxdata\toc5.js
whxdata\toc5.new.js
whxdata\toc1.js
whxdata\toc1.new.js
whxdata\toc6.js
whxdata\toc6.new.js
whxdata\toc.js
whxdata\toc.new.js
whxdata\idata1.js
whxdata\idata1.new.js
whxdata\idx.js
whxdata\idx.new.js
whxdata\glo.js
whxdata\glo.new.js
whxdata\package_0_xml.js
whxdata\package_1_xml.js
whxdata\package_2_xml.js
whxdata\package_3_xml.js
whxdata\packageindex_xml.js
whxdata\synonym.xml
whxdata\synonym_xml.js
whxdata\topictable_0_xml.js
whxdata\topictableindex_xml.js
whxdata\whfts.xml
whxdata\whfts_xml.js
whxdata\csh.js
whxdata\window.js
projectdata.js
