|SourceProjectName:OS1Config.hpr
|DestinationProjectName:index.htm
index_hha.hhk
index.hhc
index.hhk
html\about.htm
html\ArchiviaDoc.htm
html\barc\barc0100f.htm
html\bbas\AggiornaAutoSemafori.htm
html\bbas\bbas0101f.htm
html\bbas\bbas0101f_01.htm
html\bbas\bbas0101f_02.htm
html\bbas\bbas0101f_03.htm
html\bbas\bbas0101f_04.htm
html\bbas\bbas0101f_05.htm
html\bbas\bbas0101f_06.htm
html\bbas\bbas0101f_07.htm
html\bbas\bbas0101f_08.htm
html\bbas\bbas0101f_09.htm
html\bbas\bbas0101f_10.htm
html\bbas\bbas0101f_11.htm
html\bbas\bbas0101f_12.htm
html\bbas\bbas0101f_13.htm
html\bbas\bbas0101f_14.htm
html\bbas\bbas0101f_15.htm
html\bbas\bbas0101f_16.htm
html\bbas\bbas0101f_17.htm
html\bbas\bbas0101f_19.htm
html\bbas\bbas0101f_20.htm
html\bbas\bbas0101f_21.htm
html\bbas\bbas0101f_22.htm
html\bbas\bbas0101f_23.htm
html\bbas\bbas0101f_24.htm
html\bbas\bbas0101f_25.htm
html\bbas\bbas0101f_26.htm
html\bbas\bbas0101f_27.htm
html\bbas\bbas0101f_28.htm
html\bbas\bbas0101f_29.htm
html\bbas\bbas0101f_30.htm
html\bbas\bbas0101f_31.htm
html\bbas\bbas0101f_32.htm
html\bbas\bbas0101f_33.htm
html\bbas\bbas0101f_34.htm
html\bbas\bbas0101f_36.htm
html\bbas\bbas0101f_37.htm
html\bbas\bbas0101f_38.htm
html\bbas\bbas0101f_40.htm
html\bbas\bbas0101f_41.htm
html\bbas\bbas0101f_42.htm
html\bbas\bbas0101f_43.htm
html\bbas\bbas0101f_44.htm
html\bbas\bbas0101f_45.htm
html\bbas\bbas0101f_46.htm
html\bbas\bbas0101f_47.htm
html\bbas\bbas0101f_48.htm
html\bbas\bbas0101f_49.htm
html\bbas\bbas0101f_50.htm
html\bbas\bbas0101f_51.htm
html\bbas\bbas0101f_52.htm
html\bbas\bbas0101f_53.htm
html\bbas\bbas0101f_54.htm
html\bbas\bbas0101f_55.htm
html\bbas\bbas0101f_56.htm
html\bbas\bbas0101f_57.htm
html\bbas\bbas0101f_58.htm
html\bbas\bbas0101f_59.htm
html\bbas\bbas0101f_60.htm
html\bbas\bbas0101f_61.htm
html\bbas\bbas0101f_62.htm
html\bbas\bbas0101f_63.htm
html\bbas\bbas0101f_64.htm
html\bbas\bbas0101f_65.htm
html\bbas\bbas0101f_66.htm
html\bbas\bbas0101f_67.htm
html\bbas\bbas0101f_68.htm
html\bbas\bbas0101f_70.htm
html\bbas\bbas0101f_71.htm
html\bbas\bbas0101f_72.htm
html\bbas\bbas0101f_74.htm
html\bbas\bbas0101f_75.htm
html\bbas\bbas0101f_76.htm
html\bbas\bbas0101f_77.htm
html\bbas\bbas0101f_78.htm
html\bbas\bbas0101f_79.htm
html\bbas\bbas0101f_80.htm
html\bbas\bbas0101f_81.htm
html\bbas\bbas0101f_82.htm
html\bbas\bbas0101f_83.htm
html\bbas\bbas0101f_84.htm
html\bbas\bbas0101f_85.htm
html\bbas\bbas0101f_86.htm
html\bbas\bbas0126f.htm
html\bbas\bbas0132f.htm
html\bbas\bbas0134f.htm
html\bbas\bbas0136f.htm
html\bbas\bbas0147f.htm
html\bbas\bbas0165f.htm
html\bbas\bbas0201f.htm
html\bbas\bbas0202f.htm
html\bbas\bbas0204f.htm
html\bbas\bbas0205f.htm
html\bbas\bbas0206f.htm
html\bbas\bbas0410f.htm
html\bbas\bbas0411f.htm
html\bfir\bfir0100f.htm
html\bfir\bfir0101f.htm
html\bfir\bfir0102f.htm
html\bidm\bidm0101f.htm
html\bpcf\bpcf0100f.htm
html\brts\brts0100f.htm
html\CRF.htm
html\CRF_Parametri.htm
html\CRFGenerico.htm
html\ebas\ebas0901d.htm
html\eCommerceB2B.htm
html\eCommerceB2C.htm
html\EmailFax.htm
html\index\index_80.htm
html\index\index_8010.htm
html\index\index_8031.htm
html\index\index_8039.htm
html\index\index_8040.htm
html\index\index_8045.htm
html\index\index_8046.htm
html\index\index_8047.htm
html\index\index_8050.htm
html\index\index_8055.htm
html\index\index_8060.htm
html\index\index_8065.htm
html\index\index_8070.htm
html\index\index_8080.htm
html\index\index_8085.htm
html\index.htm
html\LBarcode.htm
html\OS1Mobile.htm
html\OS1TestCRF.htm
html\sfvb\sfvb0901d.htm
html\slis\slis0102f.htm
html\sprb\sprb0120f.htm
html\sprb\sprb0125f.htm
html\sprb\sprb0126f.htm
html\sstp\sstp0100f.htm
ehlpdhtm.js
template\Azure_Blue\usersettings.js
index.glo
OS1_Help.css
html\bbas\OS1_Help.css
template\Azure_Blue\layout-rtl.css
template\Azure_Blue\layout.css
template\Azure_Blue\previous_active.png
template\Azure_Blue\filter_desktop_applied.png
template\Azure_Blue\index_tab.png
template\Azure_Blue\andsearch_nomark.png
template\Azure_Blue\previous_mobile.png
template\Azure_Blue\filter_mobile_applied.png
template\Azure_Blue\filter_mark_radio.png
template\Azure_Blue\filter_nomark_radio.png
template\Azure_Blue\toc_book_closed_desktop.png
template\Azure_Blue\preview\filter.png
template\Azure_Blue\next_active.png
template\Azure_Blue\glossary_desktop.png
template\Azure_Blue\index_desktop.png
template\Azure_Blue\next_tab_active.png
template\Azure_Blue\next_tab.png
template\Azure_Blue\back_mobile_filter.png
template\Azure_Blue\next_mobile.png
template\Azure_Blue\filter_mobile.png
template\Azure_Blue\filter_nomark.png
template\Azure_Blue\toc_book_open_desktop.png
template\Azure_Blue\toc_book_open_mobile.png
template\Azure_Blue\toc_book_open_drildown.png
template\Azure_Blue\filter_clearall.png
template\Azure_Blue\loading.gif
template\Azure_Blue\preview\filter-mobile.png
template\Azure_Blue\preview\search-mobile.png
template\Azure_Blue\toc_mobile.png
template\Azure_Blue\preview\sidebar-desktop.png
html\ebas\Images\ebas0901d_01.png
template\Azure_Blue\slider_ltr.png
template\Azure_Blue\slider_rtl.png
template\Azure_Blue\filter_tab.png
template\Azure_Blue\filter_mark.png
template\Azure_Blue\preview\functionbar-desktop.png
template\Azure_Blue\search_topic_desktop.png
template\Azure_Blue\next.png
template\Azure_Blue\next_mobile_active.png
template\Azure_Blue\logo.png
template\Azure_Blue\toc_link_mobile_rtl.png
template\Azure_Blue\toc_topic_mobile.png
template\Azure_Blue\preview\toc-desktop.png
template\Azure_Blue\preview\glossary.png
template\Azure_Blue\preview\sidebar-mobile.png
html\barc\Images\barc0100f_01.png
html\slis\images\slis0102f_01.png
template\Azure_Blue\glossary_tab.png
template\Azure_Blue\preview\social.png
template\Azure_Blue\preview\search.png
template\Azure_Blue\top.png
template\Azure_Blue\search_desktop_active.png
template\Azure_Blue\previous_tab_active.png
template\Azure_Blue\toc_link_desktop_ltr.png
template\Azure_Blue\idx_topic.png
template\Azure_Blue\toc_link_desktop_rtl.png
template\Azure_Blue\preview\index.png
html\images\OS1TestCRF.png
html\brts\IMAGES\brts0100f_01.png
html\bpcf\Images\bpcf0100f_01.png
template\Azure_Blue\social_close_ltr.png
template\Azure_Blue\toc_link_mobile_ltr.png
template\Azure_Blue\search_mobile.png
template\Azure_Blue\glossary_mobile.png
template\Azure_Blue\social_close_rtl.png
template\Azure_Blue\preview\header.png
html\bbas\IMAGES\BBas0205f_01.png
html\bbas\IMAGES\BBas0204f_01.png
html\bbas\IMAGES\BBas0206f_01.png
html\bbas\IMAGES\BBas0202f_01.png
html\bbas\IMAGES\BBas0201f_01.png
html\bbas\IMAGES\BBas0410f_01.png
html\bbas\IMAGES\BBas0411f_01.png
template\Azure_Blue\search_desktop_navigation.png
template\Azure_Blue\menu.png
template\Azure_Blue\preview\content.png
html\sprb\images\sprb0126f_01.png
html\sprb\images\sprb0125f_01.png
html\sprb\images\sprb0120f_01.png
html\bbas\IMAGES\bbas0165f_01.png
html\bbas\IMAGES\BBAS0147F_01.png
html\bbas\IMAGES\BBAS0132F_01.png
html\bbas\IMAGES\bbas0136f_02.png
html\bbas\IMAGES\bbas0136f_01.png
html\bbas\IMAGES\BBAS0134F_02.png
html\bbas\IMAGES\BBAS0134F_01.png
html\bbas\IMAGES\BBas0126f_01.png
template\Azure_Blue\filter_tab_applied.png
template\Azure_Blue\preview\toc-mobile.png
html\bidm\images\bidm0101f_01.png
html\index\Images\Index_01R.png
template\Azure_Blue\toc_desktop.png
html\sfvb\Images\sfvb0901d_01.png
template\Azure_Blue\print_desktop.png
template\Azure_Blue\filter_desktop.png
template\Azure_Blue\search_mobile_active.png
template\Azure_Blue\search_mobile_navigation.png
template\Azure_Blue\andsearch_mark.png
template\Azure_Blue\toc_book_closed_mobile.png
template\Azure_Blue\preview\functionbar-mobile.png
template\Azure_Blue\preview\functionbar-tablet.png
template\Azure_Blue\preview\layout-media-queries.png
html\images\OSItalia.png
html\images\sfondo.gif
template\Azure_Blue\slider_open_ltr.png
template\Azure_Blue\slider_open_rtl.png
template\Azure_Blue\search_tab.png
template\Azure_Blue\previous_mobile_active.png
template\Azure_Blue\toc_topic_desktop.png
template\Azure_Blue\search_desktop.png
template\Azure_Blue\preview\sidebar-tablet.png
template\Azure_Blue\preview\user-settings.png
html\sstp\Images\sstp0100f_01.png
html\bfir\images\BFir0102f_02.png
html\bfir\images\BFir0102f_01.png
html\bfir\images\BFir0101f_01.png
html\bfir\images\BFir0100f_01.png
template\Azure_Blue\previous.png
template\Azure_Blue\toc_tab.png
template\Azure_Blue\previous_tab.png
template\Azure_Blue\index_mobile.png
template\Azure_Blue\remove.png
template\Azure_Blue\back_mobile_ltr.png
template\Azure_Blue\back_mobile_rtl.png
template\Azure_Blue\social_open.png
RoboHHRE.lng
index.ppf
SearchOptions.xml
whxdata\toc4.js
whxdata\toc4.new.js
whxdata\toc5.js
whxdata\toc5.new.js
whxdata\toc6.js
whxdata\toc6.new.js
whxdata\toc7.js
whxdata\toc7.new.js
whxdata\toc8.js
whxdata\toc8.new.js
whxdata\toc9.js
whxdata\toc9.new.js
whxdata\toc10.js
whxdata\toc10.new.js
whxdata\toc3.js
whxdata\toc3.new.js
whxdata\toc2.js
whxdata\toc2.new.js
whxdata\toc11.js
whxdata\toc11.new.js
whxdata\toc12.js
whxdata\toc12.new.js
whxdata\toc13.js
whxdata\toc13.new.js
whxdata\toc14.js
whxdata\toc14.new.js
whxdata\toc15.js
whxdata\toc15.new.js
whxdata\toc16.js
whxdata\toc16.new.js
whxdata\toc17.js
whxdata\toc17.new.js
whxdata\toc18.js
whxdata\toc18.new.js
whxdata\toc19.js
whxdata\toc19.new.js
whxdata\toc20.js
whxdata\toc20.new.js
whxdata\toc21.js
whxdata\toc21.new.js
whxdata\toc22.js
whxdata\toc22.new.js
whxdata\toc23.js
whxdata\toc23.new.js
whxdata\toc1.js
whxdata\toc1.new.js
whxdata\toc25.js
whxdata\toc25.new.js
whxdata\toc24.js
whxdata\toc24.new.js
whxdata\toc.js
whxdata\toc.new.js
whxdata\idata1.js
whxdata\idata1.new.js
whxdata\idata2.js
whxdata\idata2.new.js
whxdata\idx.js
whxdata\idx.new.js
whxdata\glo.js
whxdata\glo.new.js
whxdata\package_0_xml.js
whxdata\package_1_xml.js
whxdata\package_2_xml.js
whxdata\package_3_xml.js
whxdata\package_4_xml.js
whxdata\package_5_xml.js
whxdata\package_6_xml.js
whxdata\package_7_xml.js
whxdata\package_8_xml.js
whxdata\package_9_xml.js
whxdata\package_10_xml.js
whxdata\package_11_xml.js
whxdata\package_12_xml.js
whxdata\package_13_xml.js
whxdata\package_14_xml.js
whxdata\package_15_xml.js
whxdata\package_16_xml.js
whxdata\package_17_xml.js
whxdata\package_18_xml.js
whxdata\package_19_xml.js
whxdata\package_20_xml.js
whxdata\package_21_xml.js
whxdata\package_22_xml.js
whxdata\package_23_xml.js
whxdata\package_24_xml.js
whxdata\package_25_xml.js
whxdata\package_26_xml.js
whxdata\package_27_xml.js
whxdata\package_28_xml.js
whxdata\package_29_xml.js
whxdata\package_30_xml.js
whxdata\package_31_xml.js
whxdata\package_32_xml.js
whxdata\package_33_xml.js
whxdata\package_34_xml.js
whxdata\package_35_xml.js
whxdata\package_36_xml.js
whxdata\package_37_xml.js
whxdata\package_38_xml.js
whxdata\package_39_xml.js
whxdata\package_40_xml.js
whxdata\package_41_xml.js
whxdata\package_42_xml.js
whxdata\package_43_xml.js
whxdata\package_44_xml.js
whxdata\package_45_xml.js
whxdata\package_46_xml.js
whxdata\package_47_xml.js
whxdata\package_48_xml.js
whxdata\package_49_xml.js
whxdata\package_50_xml.js
whxdata\package_51_xml.js
whxdata\package_52_xml.js
whxdata\package_53_xml.js
whxdata\package_54_xml.js
whxdata\package_55_xml.js
whxdata\package_56_xml.js
whxdata\package_57_xml.js
whxdata\packageindex_xml.js
whxdata\synonym.xml
whxdata\synonym_xml.js
whxdata\topictable_0_xml.js
whxdata\topictable_1_xml.js
whxdata\topictable_2_xml.js
whxdata\topictable_3_xml.js
whxdata\topictableindex_xml.js
whxdata\whfts.xml
whxdata\whfts_xml.js
whxdata\csh.js
whxdata\window.js
projectdata.js
